Start testing: May 29 23:14 MSK
----------------------------------------------------------
1/4 Testing: WindowTest.DrawTest
1/4 Test: WindowTest.DrawTest
Command: "/home/mapilsey/projects/rk2/build/tests/test_Window" "--gtest_filter=WindowTest.DrawTest" "--gtest_also_run_disabled_tests"
Directory: /home/mapilsey/projects/rk2/build/tests
"WindowTest.DrawTest" start time: May 29 23:14 MSK
Output:
----------------------------------------------------------
Running main() from ./googletest/src/gtest_main.cc
Note: Google Test filter = WindowTest.DrawTest
[==========] Running 1 test from 1 test suite.
[----------] Global test environment set-up.
[----------] 1 test from WindowTest
[ RUN      ] WindowTest.DrawTest
Basic Window
[       OK ] WindowTest.DrawTest (0 ms)
[----------] 1 test from WindowTest (0 ms total)

[----------] Global test environment tear-down
[==========] 1 test from 1 test suite ran. (0 ms total)
[  PASSED  ] 1 test.
<end of output>
Test time =   0.01 sec
----------------------------------------------------------
Test Passed.
"WindowTest.DrawTest" end time: May 29 23:14 MSK
"WindowTest.DrawTest" time elapsed: 00:00:00
----------------------------------------------------------

2/4 Testing: FancyWindowTest.DrawTest
2/4 Test: FancyWindowTest.DrawTest
Command: "/home/mapilsey/projects/rk2/build/tests/test_FancyWindow" "--gtest_filter=FancyWindowTest.DrawTest" "--gtest_also_run_disabled_tests"
Directory: /home/mapilsey/projects/rk2/build/tests
"FancyWindowTest.DrawTest" start time: May 29 23:14 MSK
Output:
----------------------------------------------------------
Running main() from ./googletest/src/gtest_main.cc
Note: Google Test filter = FancyWindowTest.DrawTest
[==========] Running 1 test from 1 test suite.
[----------] Global test environment set-up.
[----------] 1 test from FancyWindowTest
[ RUN      ] FancyWindowTest.DrawTest
Fancy Window
[       OK ] FancyWindowTest.DrawTest (0 ms)
[----------] 1 test from FancyWindowTest (0 ms total)

[----------] Global test environment tear-down
[==========] 1 test from 1 test suite ran. (0 ms total)
[  PASSED  ] 1 test.
<end of output>
Test time =   0.01 sec
----------------------------------------------------------
Test Passed.
"FancyWindowTest.DrawTest" end time: May 29 23:14 MSK
"FancyWindowTest.DrawTest" time elapsed: 00:00:00
----------------------------------------------------------

3/4 Testing: BorderDecoratorTest.DrawTest
3/4 Test: BorderDecoratorTest.DrawTest
Command: "/home/mapilsey/projects/rk2/build/tests/test_BorderDecorator" "--gtest_filter=BorderDecoratorTest.DrawTest" "--gtest_also_run_disabled_tests"
Directory: /home/mapilsey/projects/rk2/build/tests
"BorderDecoratorTest.DrawTest" start time: May 29 23:14 MSK
Output:
----------------------------------------------------------
Running main() from ./googletest/src/gtest_main.cc
Note: Google Test filter = BorderDecoratorTest.DrawTest
[==========] Running 1 test from 1 test suite.
[----------] Global test environment set-up.
[----------] 1 test from BorderDecoratorTest
[ RUN      ] BorderDecoratorTest.DrawTest
Basic Window
	with Border
[       OK ] BorderDecoratorTest.DrawTest (0 ms)
[----------] 1 test from BorderDecoratorTest (0 ms total)

[----------] Global test environment tear-down
[==========] 1 test from 1 test suite ran. (0 ms total)
[  PASSED  ] 1 test.
<end of output>
Test time =   0.01 sec
----------------------------------------------------------
Test Passed.
"BorderDecoratorTest.DrawTest" end time: May 29 23:14 MSK
"BorderDecoratorTest.DrawTest" time elapsed: 00:00:00
----------------------------------------------------------

4/4 Testing: ScrollBarDecoratorTest.DrawTest
4/4 Test: ScrollBarDecoratorTest.DrawTest
Command: "/home/mapilsey/projects/rk2/build/tests/test_ScrollBarDecorator" "--gtest_filter=ScrollBarDecoratorTest.DrawTest" "--gtest_also_run_disabled_tests"
Directory: /home/mapilsey/projects/rk2/build/tests
"ScrollBarDecoratorTest.DrawTest" start time: May 29 23:14 MSK
Output:
----------------------------------------------------------
Running main() from ./googletest/src/gtest_main.cc
Note: Google Test filter = ScrollBarDecoratorTest.DrawTest
[==========] Running 1 test from 1 test suite.
[----------] Global test environment set-up.
[----------] 1 test from ScrollBarDecoratorTest
[ RUN      ] ScrollBarDecoratorTest.DrawTest
Basic Window
	with ScrollBar
[       OK ] ScrollBarDecoratorTest.DrawTest (0 ms)
[----------] 1 test from ScrollBarDecoratorTest (0 ms total)

[----------] Global test environment tear-down
[==========] 1 test from 1 test suite ran. (0 ms total)
[  PASSED  ] 1 test.
<end of output>
Test time =   0.01 sec
----------------------------------------------------------
Test Passed.
"ScrollBarDecoratorTest.DrawTest" end time: May 29 23:14 MSK
"ScrollBarDecoratorTest.DrawTest" time elapsed: 00:00:00
----------------------------------------------------------

End testing: May 29 23:14 MSK
